1509594996826	geckodriver	INFO	geckodriver 0.19.1
1509594996831	geckodriver	INFO	Listening on 127.0.0.1:41855
1509594998076	mozrunner::runner	INFO	Running command: "/usr/bin/firefox" "-marionette" "-profile" "/tmp/rust_mozprofile.AhEMHnobc0Df"
1509594998295	addons.xpi	WARN	Error parsing extensions state: [Exception... "Component returned failure code: 0x80520012 (NS_ERROR_FILE_NOT_FOUND) [amIAddonManagerStartup.readStartupData]"  nsresult: "0x80520012 (NS_ERROR_FILE_NOT_FOUND)"  location: "JS frame :: resource://gre/modules/addons/XPIProvider.jsm :: loadExtensionState :: line 1554"  data: no] Stack trace: loadExtensionState()@resource://gre/modules/addons/XPIProvider.jsm:1554 < getInstallState()@resource://gre/modules/addons/XPIProvider.jsm:1589 < checkForChanges()@resource://gre/modules/addons/XPIProvider.jsm:3109 < startup()@resource://gre/modules/addons/XPIProvider.jsm:2188 < callProvider()@resource://gre/modules/AddonManager.jsm:269 < _startProvider()@resource://gre/modules/AddonManager.jsm:739 < startup()@resource://gre/modules/AddonManager.jsm:906 < startup()@resource://gre/modules/AddonManager.jsm:3090 < observe()@jar:file:///opt/firefox/omni.ja!/components/addonManager.js:65
1509594998907	Marionette	INFO	Enabled via --marionette
1509595001141	Marionette	INFO	Listening on port 33662
1509595001201	Marionette	WARN	TLS certificate errors will be ignored for this session
1509595001268	Marionette	DEBUG	Register listener.js for window 2147483649
1509595001321	Marionette	DEBUG	Received DOM event "beforeunload" for "about:blank"
1509595002550	Marionette	DEBUG	Received DOM event "pagehide" for "about:blank"
1509595002550	Marionette	DEBUG	Received DOM event "unload" for "about:blank"
1509595004848	Marionette	DEBUG	Received DOM event "DOMContentLoaded" for "https://www.ubuntu.com/"
ATTENTION: default value of option force_s3tc_enable overridden by environment.
1509595016882	Marionette	DEBUG	Received DOM event "pageshow" for "https://www.ubuntu.com/"
1509595046058	Marionette	DEBUG	Register listener.js for window 4294967297
*** UTM:SVC TimerManager:registerTimer called after profile-before-change notification. Ignoring timer registration for id: telemetry_modules_ping
1509601706616	geckodriver	INFO	geckodriver 0.19.1
1509601706620	geckodriver	INFO	Listening on 127.0.0.1:37810
1509601707780	mozrunner::runner	INFO	Running command: "/usr/bin/firefox" "-marionette" "-profile" "/tmp/rust_mozprofile.4PXpAYZdPL7r"
1509601708000	addons.xpi	WARN	Error parsing extensions state: [Exception... "Component returned failure code: 0x80520012 (NS_ERROR_FILE_NOT_FOUND) [amIAddonManagerStartup.readStartupData]"  nsresult: "0x80520012 (NS_ERROR_FILE_NOT_FOUND)"  location: "JS frame :: resource://gre/modules/addons/XPIProvider.jsm :: loadExtensionState :: line 1554"  data: no] Stack trace: loadExtensionState()@resource://gre/modules/addons/XPIProvider.jsm:1554 < getInstallState()@resource://gre/modules/addons/XPIProvider.jsm:1589 < checkForChanges()@resource://gre/modules/addons/XPIProvider.jsm:3109 < startup()@resource://gre/modules/addons/XPIProvider.jsm:2188 < callProvider()@resource://gre/modules/AddonManager.jsm:269 < _startProvider()@resource://gre/modules/AddonManager.jsm:739 < startup()@resource://gre/modules/AddonManager.jsm:906 < startup()@resource://gre/modules/AddonManager.jsm:3090 < observe()@jar:file:///opt/firefox/omni.ja!/components/addonManager.js:65
1509601708563	Marionette	INFO	Enabled via --marionette
1509601710786	Marionette	INFO	Listening on port 33275
1509601710823	Marionette	WARN	TLS certificate errors will be ignored for this session
1509601710896	Marionette	DEBUG	Register listener.js for window 2147483649
1509601710957	Marionette	DEBUG	Received DOM event "beforeunload" for "about:blank"
1509601712236	Marionette	DEBUG	Received DOM event "pagehide" for "about:blank"
1509601712236	Marionette	DEBUG	Received DOM event "unload" for "about:blank"
1509601712536	Marionette	DEBUG	Received DOM event "DOMContentLoaded" for "https://www.google.co.in/?gfe_rd=cr&dcr=0&ei=r7H6WaKOCMeL8QfZkL_YBg&gws_rd=ssl"
1509601713190	Marionette	DEBUG	Received observer notification "outer-window-destroyed" for "2147483653"
1509601713605	Marionette	DEBUG	Received DOM event "pageshow" for "https://www.google.co.in/?gfe_rd=cr&dcr=0&ei=r7H6WaKOCMeL8QfZkL_YBg&gws_rd=ssl"
1509601714313	Marionette	INFO	New connections will no longer be accepted
[Child 4945] WARNING: pipe error (19): Connection reset by peer: file /home/worker/workspace/build/src/ipc/chromium/src/chrome/common/ipc_channel_posix.cc, line 353
1509601722055	geckodriver	INFO	geckodriver 0.19.1
1509601722060	geckodriver	INFO	Listening on 127.0.0.1:47096
1509601723229	mozrunner::runner	INFO	Running command: "/usr/bin/firefox" "-marionette" "-profile" "/tmp/rust_mozprofile.GaleZJRypAx7"
1509601723453	addons.xpi	WARN	Error parsing extensions state: [Exception... "Component returned failure code: 0x80520012 (NS_ERROR_FILE_NOT_FOUND) [amIAddonManagerStartup.readStartupData]"  nsresult: "0x80520012 (NS_ERROR_FILE_NOT_FOUND)"  location: "JS frame :: resource://gre/modules/addons/XPIProvider.jsm :: loadExtensionState :: line 1554"  data: no] Stack trace: loadExtensionState()@resource://gre/modules/addons/XPIProvider.jsm:1554 < getInstallState()@resource://gre/modules/addons/XPIProvider.jsm:1589 < checkForChanges()@resource://gre/modules/addons/XPIProvider.jsm:3109 < startup()@resource://gre/modules/addons/XPIProvider.jsm:2188 < callProvider()@resource://gre/modules/AddonManager.jsm:269 < _startProvider()@resource://gre/modules/AddonManager.jsm:739 < startup()@resource://gre/modules/AddonManager.jsm:906 < startup()@resource://gre/modules/AddonManager.jsm:3090 < observe()@jar:file:///opt/firefox/omni.ja!/components/addonManager.js:65
1509601724028	Marionette	INFO	Enabled via --marionette
1509601726226	Marionette	INFO	Listening on port 33952
1509601726257	Marionette	WARN	TLS certificate errors will be ignored for this session
1509601726324	Marionette	DEBUG	Register listener.js for window 2147483649
1509601726383	Marionette	DEBUG	Received DOM event "beforeunload" for "about:blank"
1509601727673	Marionette	DEBUG	Received DOM event "pagehide" for "about:blank"
1509601727673	Marionette	DEBUG	Received DOM event "unload" for "about:blank"
1509601727855	Marionette	DEBUG	Received DOM event "DOMContentLoaded" for "https://www.google.co.in/?gfe_rd=cr&dcr=0&ei=vrH6WYLAIseL8QfZkL_YBg&gws_rd=ssl"
1509601728517	Marionette	DEBUG	Received observer notification "outer-window-destroyed" for "2147483653"
1509601728884	Marionette	DEBUG	Received DOM event "pageshow" for "https://www.google.co.in/?gfe_rd=cr&dcr=0&ei=vrH6WYLAIseL8QfZkL_YBg&gws_rd=ssl"
1509601729596	Marionette	INFO	New connections will no longer be accepted
[Child 5059] WARNING: pipe error (19): Connection reset by peer: file /home/worker/workspace/build/src/ipc/chromium/src/chrome/common/ipc_channel_posix.cc, line 353
1509601830483	geckodriver	INFO	geckodriver 0.19.1
1509601830487	geckodriver	INFO	Listening on 127.0.0.1:35547
1509601831666	mozrunner::runner	INFO	Running command: "/usr/bin/firefox" "-marionette" "-profile" "/tmp/rust_mozprofile.1Bg6Zkt0hGR2"
1509601831886	addons.xpi	WARN	Error parsing extensions state: [Exception... "Component returned failure code: 0x80520012 (NS_ERROR_FILE_NOT_FOUND) [amIAddonManagerStartup.readStartupData]"  nsresult: "0x80520012 (NS_ERROR_FILE_NOT_FOUND)"  location: "JS frame :: resource://gre/modules/addons/XPIProvider.jsm :: loadExtensionState :: line 1554"  data: no] Stack trace: loadExtensionState()@resource://gre/modules/addons/XPIProvider.jsm:1554 < getInstallState()@resource://gre/modules/addons/XPIProvider.jsm:1589 < checkForChanges()@resource://gre/modules/addons/XPIProvider.jsm:3109 < startup()@resource://gre/modules/addons/XPIProvider.jsm:2188 < callProvider()@resource://gre/modules/AddonManager.jsm:269 < _startProvider()@resource://gre/modules/AddonManager.jsm:739 < startup()@resource://gre/modules/AddonManager.jsm:906 < startup()@resource://gre/modules/AddonManager.jsm:3090 < observe()@jar:file:///opt/firefox/omni.ja!/components/addonManager.js:65
1509601832430	Marionette	INFO	Enabled via --marionette
1509601834588	Marionette	INFO	Listening on port 43079
1509601834683	Marionette	WARN	TLS certificate errors will be ignored for this session
1509601834752	Marionette	DEBUG	Register listener.js for window 2147483649
1509601834793	Marionette	DEBUG	Received DOM event "beforeunload" for "about:blank"
1509601836003	Marionette	DEBUG	Received DOM event "pagehide" for "about:blank"
1509601836004	Marionette	DEBUG	Received DOM event "unload" for "about:blank"
1509601836173	Marionette	DEBUG	Received DOM event "DOMContentLoaded" for "https://www.google.co.in/?gfe_rd=cr&dcr=0&ei=KrL6Wf-kOtGL8QeR0LCgBQ&gws_rd=ssl"
1509601836720	Marionette	DEBUG	Received observer notification "outer-window-destroyed" for "2147483653"
1509601838915	Marionette	DEBUG	Received DOM event "pageshow" for "https://www.google.co.in/?gfe_rd=cr&dcr=0&ei=KrL6Wf-kOtGL8QeR0LCgBQ&gws_rd=ssl"
ATTENTION: default value of option force_s3tc_enable overridden by environment.
JavaScript warning: https://www.google.co.in/maps?dcr=0&q=madarchod!&um=1&ie=UTF-8&sa=X&ved=0ahUKEwjd2oGLmZ_XAhWJO48KHYV3ByYQ_AUICigB, line 2723: Error: WebGL warning: texSubImage2D: Texture has not been initialized prior to a partial upload, forcing the browser to clear it. This may be slow.
JavaScript warning: https://www.google.co.in/maps?dcr=0&q=madarchod!&um=1&ie=UTF-8&sa=X&ved=0ahUKEwjd2oGLmZ_XAhWJO48KHYV3ByYQ_AUICigB, line 2723: Error: WebGL warning: texSubImage2D: This operation requires zeroing texture data. This is slow.
[Parent 5138] WARNING: pipe error (107): Connection reset by peer: file /home/worker/workspace/build/src/ipc/chromium/src/chrome/common/ipc_channel_posix.cc, line 353
1509601849200	Marionette	INFO	New connections will no longer be accepted
[Child 5181] WARNING: pipe error (19): Connection reset by peer: file /home/worker/workspace/build/src/ipc/chromium/src/chrome/common/ipc_channel_posix.cc, line 353
[Child 5181] WARNING: pipe error (3): Connection reset by peer: file /home/worker/workspace/build/src/ipc/chromium/src/chrome/common/ipc_channel_posix.cc, line 353
1509601858943	geckodriver	INFO	geckodriver 0.19.1
1509601858947	geckodriver	INFO	Listening on 127.0.0.1:47390
1509601860113	mozrunner::runner	INFO	Running command: "/usr/bin/firefox" "-marionette" "-profile" "/tmp/rust_mozprofile.PXmhLhmcXaNh"
1509601860334	addons.xpi	WARN	Error parsing extensions state: [Exception... "Component returned failure code: 0x80520012 (NS_ERROR_FILE_NOT_FOUND) [amIAddonManagerStartup.readStartupData]"  nsresult: "0x80520012 (NS_ERROR_FILE_NOT_FOUND)"  location: "JS frame :: resource://gre/modules/addons/XPIProvider.jsm :: loadExtensionState :: line 1554"  data: no] Stack trace: loadExtensionState()@resource://gre/modules/addons/XPIProvider.jsm:1554 < getInstallState()@resource://gre/modules/addons/XPIProvider.jsm:1589 < checkForChanges()@resource://gre/modules/addons/XPIProvider.jsm:3109 < startup()@resource://gre/modules/addons/XPIProvider.jsm:2188 < callProvider()@resource://gre/modules/AddonManager.jsm:269 < _startProvider()@resource://gre/modules/AddonManager.jsm:739 < startup()@resource://gre/modules/AddonManager.jsm:906 < startup()@resource://gre/modules/AddonManager.jsm:3090 < observe()@jar:file:///opt/firefox/omni.ja!/components/addonManager.js:65
1509601860895	Marionette	INFO	Enabled via --marionette
1509601863032	Marionette	INFO	Listening on port 43624
1509601863135	Marionette	WARN	TLS certificate errors will be ignored for this session
1509601863190	Marionette	DEBUG	Register listener.js for window 2147483649
1509601863230	Marionette	DEBUG	Received DOM event "beforeunload" for "about:blank"
1509601864415	Marionette	DEBUG	Received DOM event "pagehide" for "about:blank"
1509601864416	Marionette	DEBUG	Received DOM event "unload" for "about:blank"
1509601864600	Marionette	DEBUG	Received DOM event "DOMContentLoaded" for "https://www.google.co.in/?gfe_rd=cr&dcr=0&ei=R7L6WYKBF8KL8Qf-74L4Cw&gws_rd=ssl"
1509601865221	Marionette	DEBUG	Received observer notification "outer-window-destroyed" for "2147483653"
1509601865712	Marionette	DEBUG	Received DOM event "pageshow" for "https://www.google.co.in/?gfe_rd=cr&dcr=0&ei=R7L6WYKBF8KL8Qf-74L4Cw&gws_rd=ssl"
1509601876013	Marionette	INFO	New connections will no longer be accepted
[Child 5303] WARNING: pipe error: Broken pipe: file /home/worker/workspace/build/src/ipc/chromium/src/chrome/common/ipc_channel_posix.cc, line 709
[Child 5303] WARNING: pipe error (19): Connection reset by peer: file /home/worker/workspace/build/src/ipc/chromium/src/chrome/common/ipc_channel_posix.cc, line 353

###!!! [Child][MessageChannel] Error: (msgtype=0x470016,name=PLayerTransaction::Msg_ClearCachedResources) Channel error: cannot send/recv


###!!! [Child][MessageChannel] Error: (msgtype=0x470007,name=PLayerTransaction::Msg_ReleaseCompositable) Channel error: cannot send/recv


###!!! [Child][MessageChannel] Error: (msgtype=0x730003,name=PTexture::Msg_Destroy) Channel error: cannot send/recv


###!!! [Child][MessageChannel] Error: (msgtype=0x730003,name=PTexture::Msg_Destroy) Channel error: cannot send/recv


###!!! [Child][MessageChannel] Error: (msgtype=0x470007,name=PLayerTransaction::Msg_ReleaseCompositable) Channel error: cannot send/recv


###!!! [Child][MessageChannel] Error: (msgtype=0x730003,name=PTexture::Msg_Destroy) Channel error: cannot send/recv


###!!! [Child][MessageChannel] Error: (msgtype=0x730003,name=PTexture::Msg_Destroy) Channel error: cannot send/recv


###!!! [Child][MessageChannel] Error: (msgtype=0x470007,name=PLayerTransaction::Msg_ReleaseCompositable) Channel error: cannot send/recv


###!!! [Child][MessageChannel] Error: (msgtype=0x730003,name=PTexture::Msg_Destroy) Channel error: cannot send/recv


###!!! [Child][MessageChannel] Error: (msgtype=0x730003,name=PTexture::Msg_Destroy) Channel error: cannot send/recv


###!!! [Child][MessageChannel] Error: (msgtype=0x470007,name=PLayerTransaction::Msg_ReleaseCompositable) Channel error: cannot send/recv


###!!! [Child][MessageChannel] Error: (msgtype=0x470006,name=PLayerTransaction::Msg_ReleaseLayer) Channel error: cannot send/recv


###!!! [Child][MessageChannel] Error: (msgtype=0x470006,name=PLayerTransaction::Msg_ReleaseLayer) Channel error: cannot send/recv


###!!! [Child][MessageChannel] Error: (msgtype=0x470006,name=PLayerTransaction::Msg_ReleaseLayer) Channel error: cannot send/recv


###!!! [Child][MessageChannel] Error: (msgtype=0x470006,name=PLayerTransaction::Msg_ReleaseLayer) Channel error: cannot send/recv


###!!! [Child][MessageChannel] Error: (msgtype=0x470006,name=PLayerTransaction::Msg_ReleaseLayer) Channel error: cannot send/recv


###!!! [Child][MessageChannel] Error: (msgtype=0x470006,name=PLayerTransaction::Msg_ReleaseLayer) Channel error: cannot send/recv


###!!! [Child][MessageChannel] Error: (msgtype=0x470006,name=PLayerTransaction::Msg_ReleaseLayer) Channel error: cannot send/recv


###!!! [Child][MessageChannel] Error: (msgtype=0x470006,name=PLayerTransaction::Msg_ReleaseLayer) Channel error: cannot send/recv

[Child 5303] WARNING: pipe error (3): Connection reset by peer: file /home/worker/workspace/build/src/ipc/chromium/src/chrome/common/ipc_channel_posix.cc, line 353
1509601968185	geckodriver	INFO	geckodriver 0.19.1
1509601968190	geckodriver	INFO	Listening on 127.0.0.1:51005
1509601969354	mozrunner::runner	INFO	Running command: "/usr/bin/firefox" "-marionette" "-profile" "/tmp/rust_mozprofile.7rgl6XryhH2w"
1509601969594	addons.xpi	WARN	Error parsing extensions state: [Exception... "Component returned failure code: 0x80520012 (NS_ERROR_FILE_NOT_FOUND) [amIAddonManagerStartup.readStartupData]"  nsresult: "0x80520012 (NS_ERROR_FILE_NOT_FOUND)"  location: "JS frame :: resource://gre/modules/addons/XPIProvider.jsm :: loadExtensionState :: line 1554"  data: no] Stack trace: loadExtensionState()@resource://gre/modules/addons/XPIProvider.jsm:1554 < getInstallState()@resource://gre/modules/addons/XPIProvider.jsm:1589 < checkForChanges()@resource://gre/modules/addons/XPIProvider.jsm:3109 < startup()@resource://gre/modules/addons/XPIProvider.jsm:2188 < callProvider()@resource://gre/modules/AddonManager.jsm:269 < _startProvider()@resource://gre/modules/AddonManager.jsm:739 < startup()@resource://gre/modules/AddonManager.jsm:906 < startup()@resource://gre/modules/AddonManager.jsm:3090 < observe()@jar:file:///opt/firefox/omni.ja!/components/addonManager.js:65
1509601970182	Marionette	INFO	Enabled via --marionette
1509601972529	Marionette	INFO	Listening on port 36184
1509601972582	Marionette	WARN	TLS certificate errors will be ignored for this session
1509601972641	Marionette	DEBUG	Register listener.js for window 2147483649
1509601972693	Marionette	DEBUG	Received DOM event "beforeunload" for "about:blank"
1509601973927	Marionette	DEBUG	Received DOM event "pagehide" for "about:blank"
1509601973927	Marionette	DEBUG	Received DOM event "unload" for "about:blank"
1509601974086	Marionette	DEBUG	Received DOM event "DOMContentLoaded" for "https://www.google.co.in/?gfe_rd=cr&dcr=0&ei=tLL6Wf7ONMaL8Qf-m7K4Dw&gws_rd=ssl"
1509601974673	Marionette	DEBUG	Received observer notification "outer-window-destroyed" for "2147483653"
1509601975067	Marionette	DEBUG	Received DOM event "pageshow" for "https://www.google.co.in/?gfe_rd=cr&dcr=0&ei=tLL6Wf7ONMaL8Qf-m7K4Dw&gws_rd=ssl"
1509601975792	Marionette	INFO	New connections will no longer be accepted
[Child 5424] WARNING: pipe error (35): Connection reset by peer: file /home/worker/workspace/build/src/ipc/chromium/src/chrome/common/ipc_channel_posix.cc, line 353
[Child 5424] WARNING: pipe error (18): Connection reset by peer: file /home/worker/workspace/build/src/ipc/chromium/src/chrome/common/ipc_channel_posix.cc, line 353
[Child 5424] WARNING: pipe error (3): Connection reset by peer: file /home/worker/workspace/build/src/ipc/chromium/src/chrome/common/ipc_channel_posix.cc, line 353
1509602006753	geckodriver	INFO	geckodriver 0.19.1
1509602006758	geckodriver	INFO	Listening on 127.0.0.1:56819
1509602007917	mozrunner::runner	INFO	Running command: "/usr/bin/firefox" "-marionette" "-profile" "/tmp/rust_mozprofile.y5CMWVKCNq8h"
1509602008140	addons.xpi	WARN	Error parsing extensions state: [Exception... "Component returned failure code: 0x80520012 (NS_ERROR_FILE_NOT_FOUND) [amIAddonManagerStartup.readStartupData]"  nsresult: "0x80520012 (NS_ERROR_FILE_NOT_FOUND)"  location: "JS frame :: resource://gre/modules/addons/XPIProvider.jsm :: loadExtensionState :: line 1554"  data: no] Stack trace: loadExtensionState()@resource://gre/modules/addons/XPIProvider.jsm:1554 < getInstallState()@resource://gre/modules/addons/XPIProvider.jsm:1589 < checkForChanges()@resource://gre/modules/addons/XPIProvider.jsm:3109 < startup()@resource://gre/modules/addons/XPIProvider.jsm:2188 < callProvider()@resource://gre/modules/AddonManager.jsm:269 < _startProvider()@resource://gre/modules/AddonManager.jsm:739 < startup()@resource://gre/modules/AddonManager.jsm:906 < startup()@resource://gre/modules/AddonManager.jsm:3090 < observe()@jar:file:///opt/firefox/omni.ja!/components/addonManager.js:65
1509602008715	Marionette	INFO	Enabled via --marionette
1509602010821	Marionette	INFO	Listening on port 38721
1509602010838	Marionette	WARN	TLS certificate errors will be ignored for this session
1509602010896	Marionette	DEBUG	Register listener.js for window 2147483649
1509602010962	Marionette	DEBUG	Received DOM event "beforeunload" for "about:blank"
1509602012255	Marionette	DEBUG	Received DOM event "pagehide" for "about:blank"
1509602012255	Marionette	DEBUG	Received DOM event "unload" for "about:blank"
1509602012442	Marionette	DEBUG	Received DOM event "DOMContentLoaded" for "https://www.google.co.in/?gfe_rd=cr&dcr=0&ei=27L6Wc3-CMmL8Qfe87WIDw&gws_rd=ssl"
1509602012992	Marionette	DEBUG	Received observer notification "outer-window-destroyed" for "2147483653"
1509602013415	Marionette	DEBUG	Received DOM event "pageshow" for "https://www.google.co.in/?gfe_rd=cr&dcr=0&ei=27L6Wc3-CMmL8Qfe87WIDw&gws_rd=ssl"
ATTENTION: default value of option force_s3tc_enable overridden by environment.
JavaScript warning: https://www.google.co.in/maps?dcr=0&q=madarchod!&um=1&ie=UTF-8&sa=X&ved=0ahUKEwjQgqHemZ_XAhUIRY8KHUOiDx8Q_AUICigB, line 2723: Error: WebGL warning: texSubImage2D: Texture has not been initialized prior to a partial upload, forcing the browser to clear it. This may be slow.
JavaScript warning: https://www.google.co.in/maps?dcr=0&q=madarchod!&um=1&ie=UTF-8&sa=X&ved=0ahUKEwjQgqHemZ_XAhUIRY8KHUOiDx8Q_AUICigB, line 2723: Error: WebGL warning: texSubImage2D: This operation requires zeroing texture data. This is slow.
1509602036514	geckodriver	INFO	geckodriver 0.19.1
1509602036519	geckodriver	INFO	Listening on 127.0.0.1:60639
1509602037698	mozrunner::runner	INFO	Running command: "/usr/bin/firefox" "-marionette" "-profile" "/tmp/rust_mozprofile.t3RGwlPiI8hi"
1509602037921	addons.xpi	WARN	Error parsing extensions state: [Exception... "Component returned failure code: 0x80520012 (NS_ERROR_FILE_NOT_FOUND) [amIAddonManagerStartup.readStartupData]"  nsresult: "0x80520012 (NS_ERROR_FILE_NOT_FOUND)"  location: "JS frame :: resource://gre/modules/addons/XPIProvider.jsm :: loadExtensionState :: line 1554"  data: no] Stack trace: loadExtensionState()@resource://gre/modules/addons/XPIProvider.jsm:1554 < getInstallState()@resource://gre/modules/addons/XPIProvider.jsm:1589 < checkForChanges()@resource://gre/modules/addons/XPIProvider.jsm:3109 < startup()@resource://gre/modules/addons/XPIProvider.jsm:2188 < callProvider()@resource://gre/modules/AddonManager.jsm:269 < _startProvider()@resource://gre/modules/AddonManager.jsm:739 < startup()@resource://gre/modules/AddonManager.jsm:906 < startup()@resource://gre/modules/AddonManager.jsm:3090 < observe()@jar:file:///opt/firefox/omni.ja!/components/addonManager.js:65
1509602038486	Marionette	INFO	Enabled via --marionette
1509602040799	Marionette	INFO	Listening on port 41814
1509602040850	Marionette	WARN	TLS certificate errors will be ignored for this session
1509602040909	Marionette	DEBUG	Register listener.js for window 2147483649
1509602040960	Marionette	DEBUG	Received DOM event "beforeunload" for "about:blank"
1509602048460	Marionette	DEBUG	Received DOM event "pagehide" for "about:blank"
1509602048460	Marionette	DEBUG	Received DOM event "unload" for "about:blank"
1509602048630	Marionette	DEBUG	Received DOM event "DOMContentLoaded" for "https://www.google.co.in/?gfe_rd=cr&dcr=0&ei=_LL6WanyFNCL8Qfq07GQDQ&gws_rd=ssl"
1509602049057	Marionette	DEBUG	Received observer notification "outer-window-destroyed" for "2147483653"
1509602051000	Marionette	DEBUG	Received DOM event "pageshow" for "https://www.google.co.in/?gfe_rd=cr&dcr=0&ei=_LL6WanyFNCL8Qfq07GQDQ&gws_rd=ssl"
JavaScript error: https://static-hw.xvideos.com/v-0966cae2c1f/v3/js/skins/min/xnxx.js, line 3: IndexSizeError: Index or size is negative or greater than the allowed amount
JavaScript error: https://static-hw.xvideos.com/v-0966cae2c1f/v3/js/skins/min/xnxx.js, line 3: IndexSizeError: Index or size is negative or greater than the allowed amount
JavaScript error: https://static-hw.xvideos.com/v-0966cae2c1f/v3/js/skins/min/xnxx.js, line 3: IndexSizeError: Index or size is negative or greater than the allowed amount
JavaScript error: https://static-hw.xvideos.com/v-0966cae2c1f/v3/js/skins/min/xnxx.js, line 3: IndexSizeError: Index or size is negative or greater than the allowed amount
1509602280971	Marionette	DEBUG	Register listener.js for window 4294967297
1509633206401	geckodriver	INFO	geckodriver 0.19.1
1509633206432	geckodriver	INFO	Listening on 127.0.0.1:52021
1509633207652	mozrunner::runner	INFO	Running command: "/usr/bin/firefox" "-marionette" "-profile" "/tmp/rust_mozprofile.endHJHbg4gOv"
1509633207882	addons.xpi	WARN	Error parsing extensions state: [Exception... "Component returned failure code: 0x80520012 (NS_ERROR_FILE_NOT_FOUND) [amIAddonManagerStartup.readStartupData]"  nsresult: "0x80520012 (NS_ERROR_FILE_NOT_FOUND)"  location: "JS frame :: resource://gre/modules/addons/XPIProvider.jsm :: loadExtensionState :: line 1554"  data: no] Stack trace: loadExtensionState()@resource://gre/modules/addons/XPIProvider.jsm:1554 < getInstallState()@resource://gre/modules/addons/XPIProvider.jsm:1589 < checkForChanges()@resource://gre/modules/addons/XPIProvider.jsm:3109 < startup()@resource://gre/modules/addons/XPIProvider.jsm:2188 < callProvider()@resource://gre/modules/AddonManager.jsm:269 < _startProvider()@resource://gre/modules/AddonManager.jsm:739 < startup()@resource://gre/modules/AddonManager.jsm:906 < startup()@resource://gre/modules/AddonManager.jsm:3090 < observe()@jar:file:///opt/firefox/omni.ja!/components/addonManager.js:65
1509633208607	Marionette	INFO	Enabled via --marionette
1509633211475	Marionette	INFO	Listening on port 42825
1509633211571	Marionette	WARN	TLS certificate errors will be ignored for this session
1509633211625	Marionette	DEBUG	Register listener.js for window 2147483649
1509633211662	Marionette	DEBUG	Received DOM event "beforeunload" for "about:blank"
1509633217183	Marionette	DEBUG	Received DOM event "pagehide" for "about:blank"
1509633217183	Marionette	DEBUG	Received DOM event "unload" for "about:blank"
1509633217540	Marionette	DEBUG	Received DOM event "DOMContentLoaded" for "https://www.pexels.com/"
1509633240191	Marionette	DEBUG	Received DOM event "pageshow" for "https://www.pexels.com/"
1509633321404	geckodriver	INFO	geckodriver 0.19.1
1509633321408	geckodriver	INFO	Listening on 127.0.0.1:46872
1509633322573	mozrunner::runner	INFO	Running command: "/usr/bin/firefox" "-marionette" "-profile" "/tmp/rust_mozprofile.1q6HQSd71kQN"
1509633322803	addons.xpi	WARN	Error parsing extensions state: [Exception... "Component returned failure code: 0x80520012 (NS_ERROR_FILE_NOT_FOUND) [amIAddonManagerStartup.readStartupData]"  nsresult: "0x80520012 (NS_ERROR_FILE_NOT_FOUND)"  location: "JS frame :: resource://gre/modules/addons/XPIProvider.jsm :: loadExtensionState :: line 1554"  data: no] Stack trace: loadExtensionState()@resource://gre/modules/addons/XPIProvider.jsm:1554 < getInstallState()@resource://gre/modules/addons/XPIProvider.jsm:1589 < checkForChanges()@resource://gre/modules/addons/XPIProvider.jsm:3109 < startup()@resource://gre/modules/addons/XPIProvider.jsm:2188 < callProvider()@resource://gre/modules/AddonManager.jsm:269 < _startProvider()@resource://gre/modules/AddonManager.jsm:739 < startup()@resource://gre/modules/AddonManager.jsm:906 < startup()@resource://gre/modules/AddonManager.jsm:3090 < observe()@jar:file:///opt/firefox/omni.ja!/components/addonManager.js:65
1509633323430	Marionette	INFO	Enabled via --marionette
1509633325603	Marionette	INFO	Listening on port 45610
1509633325700	Marionette	WARN	TLS certificate errors will be ignored for this session
1509633325754	Marionette	DEBUG	Register listener.js for window 2147483649
1509633325779	Marionette	DEBUG	Received DOM event "beforeunload" for "about:blank"
1509633326729	Marionette	DEBUG	Received DOM event "pagehide" for "about:blank"
1509633326730	Marionette	DEBUG	Received DOM event "unload" for "about:blank"
1509633327110	Marionette	DEBUG	Received DOM event "DOMContentLoaded" for "https://www.pexels.com/"
*************************
A coding exception was thrown and uncaught in a Task.

Full message: TypeError: this.curBrowser.contentBrowser is null
Full stack: GeckoDriver.prototype.get@chrome://marionette/content/driver.js:1021:3
TaskImpl_run@resource://gre/modules/Task.jsm:331:42

*************************
*************************
A coding exception was thrown and uncaught in a Task.

Full message: TypeError: this.curBrowser.contentBrowser is null
Full stack: GeckoDriver.prototype.get@chrome://marionette/content/driver.js:1021:3
TaskImpl_run@resource://gre/modules/Task.jsm:331:42

*************************
Marionette threw an error: TypeError: this.curBrowser.contentBrowser is null
GeckoDriver.prototype.get@chrome://marionette/content/driver.js:1021:3
TaskImpl_run@resource://gre/modules/Task.jsm:331:42

1509633369880	Marionette	DEBUG	Received observer notification "outer-window-destroyed" for "2147483653"
1509633369880	Marionette	DEBUG	Received observer notification "outer-window-destroyed" for "2147483649"
*** UTM:SVC TimerManager:registerTimer called after profile-before-change notification. Ignoring timer registration for id: telemetry_modules_ping
1509633374255	geckodriver	INFO	geckodriver 0.19.1
1509633374259	geckodriver	INFO	Listening on 127.0.0.1:42601
1509633375433	mozrunner::runner	INFO	Running command: "/usr/bin/firefox" "-marionette" "-profile" "/tmp/rust_mozprofile.VGrSjsqzJQym"
1509633375657	addons.xpi	WARN	Error parsing extensions state: [Exception... "Component returned failure code: 0x80520012 (NS_ERROR_FILE_NOT_FOUND) [amIAddonManagerStartup.readStartupData]"  nsresult: "0x80520012 (NS_ERROR_FILE_NOT_FOUND)"  location: "JS frame :: resource://gre/modules/addons/XPIProvider.jsm :: loadExtensionState :: line 1554"  data: no] Stack trace: loadExtensionState()@resource://gre/modules/addons/XPIProvider.jsm:1554 < getInstallState()@resource://gre/modules/addons/XPIProvider.jsm:1589 < checkForChanges()@resource://gre/modules/addons/XPIProvider.jsm:3109 < startup()@resource://gre/modules/addons/XPIProvider.jsm:2188 < callProvider()@resource://gre/modules/AddonManager.jsm:269 < _startProvider()@resource://gre/modules/AddonManager.jsm:739 < startup()@resource://gre/modules/AddonManager.jsm:906 < startup()@resource://gre/modules/AddonManager.jsm:3090 < observe()@jar:file:///opt/firefox/omni.ja!/components/addonManager.js:65
1509633376248	Marionette	INFO	Enabled via --marionette
1509633378376	Marionette	INFO	Listening on port 46703
1509633378464	Marionette	WARN	TLS certificate errors will be ignored for this session
1509633378518	Marionette	DEBUG	Register listener.js for window 2147483649
1509633378564	Marionette	DEBUG	Received DOM event "beforeunload" for "about:blank"
1509633379255	Marionette	DEBUG	Received DOM event "pagehide" for "about:blank"
1509633379256	Marionette	DEBUG	Received DOM event "unload" for "about:blank"
1509633379528	Marionette	DEBUG	Received DOM event "DOMContentLoaded" for "https://www.pexels.com/"
1509633434220	Marionette	DEBUG	Register listener.js for window 4294967297
1509633554599	geckodriver	INFO	geckodriver 0.19.1
1509633554603	geckodriver	INFO	Listening on 127.0.0.1:36335
1509633555782	mozrunner::runner	INFO	Running command: "/usr/bin/firefox" "-marionette" "-profile" "/tmp/rust_mozprofile.jQeOa886v7Gl"
1509633556023	addons.xpi	WARN	Error parsing extensions state: [Exception... "Component returned failure code: 0x80520012 (NS_ERROR_FILE_NOT_FOUND) [amIAddonManagerStartup.readStartupData]"  nsresult: "0x80520012 (NS_ERROR_FILE_NOT_FOUND)"  location: "JS frame :: resource://gre/modules/addons/XPIProvider.jsm :: loadExtensionState :: line 1554"  data: no] Stack trace: loadExtensionState()@resource://gre/modules/addons/XPIProvider.jsm:1554 < getInstallState()@resource://gre/modules/addons/XPIProvider.jsm:1589 < checkForChanges()@resource://gre/modules/addons/XPIProvider.jsm:3109 < startup()@resource://gre/modules/addons/XPIProvider.jsm:2188 < callProvider()@resource://gre/modules/AddonManager.jsm:269 < _startProvider()@resource://gre/modules/AddonManager.jsm:739 < startup()@resource://gre/modules/AddonManager.jsm:906 < startup()@resource://gre/modules/AddonManager.jsm:3090 < observe()@jar:file:///opt/firefox/omni.ja!/components/addonManager.js:65
1509633556610	Marionette	INFO	Enabled via --marionette
1509633558843	Marionette	INFO	Listening on port 44509
1509633558900	Marionette	WARN	TLS certificate errors will be ignored for this session
1509633558972	Marionette	DEBUG	Register listener.js for window 2147483649
1509633559011	Marionette	DEBUG	Received DOM event "beforeunload" for "about:blank"
1509633563093	Marionette	DEBUG	Received DOM event "pagehide" for "about:blank"
1509633563093	Marionette	DEBUG	Received DOM event "unload" for "about:blank"
1509633563347	Marionette	DEBUG	Received DOM event "DOMContentLoaded" for "https://www.pexels.com/"
1509633593230	Marionette	DEBUG	Received DOM event "pageshow" for "https://www.pexels.com/"
1509633593394	Marionette	DEBUG	Register listener.js for window 4294967297
1509633719090	geckodriver	INFO	geckodriver 0.19.1
1509633719094	geckodriver	INFO	Listening on 127.0.0.1:57932
1509633720267	mozrunner::runner	INFO	Running command: "/usr/bin/firefox" "-marionette" "-profile" "/tmp/rust_mozprofile.PN1DHvUfnbyN"
1509633720506	addons.xpi	WARN	Error parsing extensions state: [Exception... "Component returned failure code: 0x80520012 (NS_ERROR_FILE_NOT_FOUND) [amIAddonManagerStartup.readStartupData]"  nsresult: "0x80520012 (NS_ERROR_FILE_NOT_FOUND)"  location: "JS frame :: resource://gre/modules/addons/XPIProvider.jsm :: loadExtensionState :: line 1554"  data: no] Stack trace: loadExtensionState()@resource://gre/modules/addons/XPIProvider.jsm:1554 < getInstallState()@resource://gre/modules/addons/XPIProvider.jsm:1589 < checkForChanges()@resource://gre/modules/addons/XPIProvider.jsm:3109 < startup()@resource://gre/modules/addons/XPIProvider.jsm:2188 < callProvider()@resource://gre/modules/AddonManager.jsm:269 < _startProvider()@resource://gre/modules/AddonManager.jsm:739 < startup()@resource://gre/modules/AddonManager.jsm:906 < startup()@resource://gre/modules/AddonManager.jsm:3090 < observe()@jar:file:///opt/firefox/omni.ja!/components/addonManager.js:65
1509633721114	Marionette	INFO	Enabled via --marionette
1509633723422	Marionette	INFO	Listening on port 40490
1509633723494	Marionette	WARN	TLS certificate errors will be ignored for this session
1509633723586	Marionette	DEBUG	Register listener.js for window 2147483649
1509633723631	Marionette	DEBUG	Received DOM event "beforeunload" for "about:blank"
1509633724328	Marionette	DEBUG	Received DOM event "pagehide" for "about:blank"
1509633724329	Marionette	DEBUG	Received DOM event "unload" for "about:blank"
1509633724563	Marionette	DEBUG	Received DOM event "DOMContentLoaded" for "https://www.pexels.com/"
1509633732455	Marionette	DEBUG	Received DOM event "pageshow" for "https://www.pexels.com/"
1509633843108	geckodriver	INFO	geckodriver 0.19.1
1509633843112	geckodriver	INFO	Listening on 127.0.0.1:33024
1509633844286	mozrunner::runner	INFO	Running command: "/usr/bin/firefox" "-marionette" "-profile" "/tmp/rust_mozprofile.HPDD1ujG4WGC"
1509633844507	addons.xpi	WARN	Error parsing extensions state: [Exception... "Component returned failure code: 0x80520012 (NS_ERROR_FILE_NOT_FOUND) [amIAddonManagerStartup.readStartupData]"  nsresult: "0x80520012 (NS_ERROR_FILE_NOT_FOUND)"  location: "JS frame :: resource://gre/modules/addons/XPIProvider.jsm :: loadExtensionState :: line 1554"  data: no] Stack trace: loadExtensionState()@resource://gre/modules/addons/XPIProvider.jsm:1554 < getInstallState()@resource://gre/modules/addons/XPIProvider.jsm:1589 < checkForChanges()@resource://gre/modules/addons/XPIProvider.jsm:3109 < startup()@resource://gre/modules/addons/XPIProvider.jsm:2188 < callProvider()@resource://gre/modules/AddonManager.jsm:269 < _startProvider()@resource://gre/modules/AddonManager.jsm:739 < startup()@resource://gre/modules/AddonManager.jsm:906 < startup()@resource://gre/modules/AddonManager.jsm:3090 < observe()@jar:file:///opt/firefox/omni.ja!/components/addonManager.js:65
1509633845069	Marionette	INFO	Enabled via --marionette
1509633847313	Marionette	INFO	Listening on port 41824
1509633847412	Marionette	WARN	TLS certificate errors will be ignored for this session
1509633847462	Marionette	DEBUG	Register listener.js for window 2147483649
1509633847489	Marionette	DEBUG	Received DOM event "beforeunload" for "about:blank"
1509633848209	Marionette	DEBUG	Received DOM event "pagehide" for "about:blank"
1509633848210	Marionette	DEBUG	Received DOM event "unload" for "about:blank"
1509633848489	Marionette	DEBUG	Received DOM event "DOMContentLoaded" for "https://www.pexels.com/"
1509633854463	Marionette	DEBUG	Received DOM event "pageshow" for "https://www.pexels.com/"
1509633924836	geckodriver	INFO	geckodriver 0.19.1
1509633924840	geckodriver	INFO	Listening on 127.0.0.1:53583
1509633926014	mozrunner::runner	INFO	Running command: "/usr/bin/firefox" "-marionette" "-profile" "/tmp/rust_mozprofile.sXo8ssIau6RV"
1509633926244	addons.xpi	WARN	Error parsing extensions state: [Exception... "Component returned failure code: 0x80520012 (NS_ERROR_FILE_NOT_FOUND) [amIAddonManagerStartup.readStartupData]"  nsresult: "0x80520012 (NS_ERROR_FILE_NOT_FOUND)"  location: "JS frame :: resource://gre/modules/addons/XPIProvider.jsm :: loadExtensionState :: line 1554"  data: no] Stack trace: loadExtensionState()@resource://gre/modules/addons/XPIProvider.jsm:1554 < getInstallState()@resource://gre/modules/addons/XPIProvider.jsm:1589 < checkForChanges()@resource://gre/modules/addons/XPIProvider.jsm:3109 < startup()@resource://gre/modules/addons/XPIProvider.jsm:2188 < callProvider()@resource://gre/modules/AddonManager.jsm:269 < _startProvider()@resource://gre/modules/AddonManager.jsm:739 < startup()@resource://gre/modules/AddonManager.jsm:906 < startup()@resource://gre/modules/AddonManager.jsm:3090 < observe()@jar:file:///opt/firefox/omni.ja!/components/addonManager.js:65
1509633926824	Marionette	INFO	Enabled via --marionette
1509633929042	Marionette	INFO	Listening on port 44590
1509633929146	Marionette	WARN	TLS certificate errors will be ignored for this session
1509633929188	Marionette	DEBUG	Register listener.js for window 2147483649
1509633929215	Marionette	DEBUG	Received DOM event "beforeunload" for "about:blank"
1509633929968	Marionette	DEBUG	Received DOM event "pagehide" for "about:blank"
1509633929968	Marionette	DEBUG	Received DOM event "unload" for "about:blank"
1509633930234	Marionette	DEBUG	Received DOM event "DOMContentLoaded" for "https://www.pexels.com/"
1509633944743	Marionette	DEBUG	Received DOM event "pageshow" for "https://www.pexels.com/"
1509635105322	geckodriver	INFO	geckodriver 0.19.1
1509635105327	geckodriver	INFO	Listening on 127.0.0.1:37726
1509635106493	mozrunner::runner	INFO	Running command: "/usr/bin/firefox" "-marionette" "-profile" "/tmp/rust_mozprofile.ePtRDHb7zjRY"
1509635106749	addons.xpi	WARN	Error parsing extensions state: [Exception... "Component returned failure code: 0x80520012 (NS_ERROR_FILE_NOT_FOUND) [amIAddonManagerStartup.readStartupData]"  nsresult: "0x80520012 (NS_ERROR_FILE_NOT_FOUND)"  location: "JS frame :: resource://gre/modules/addons/XPIProvider.jsm :: loadExtensionState :: line 1554"  data: no] Stack trace: loadExtensionState()@resource://gre/modules/addons/XPIProvider.jsm:1554 < getInstallState()@resource://gre/modules/addons/XPIProvider.jsm:1589 < checkForChanges()@resource://gre/modules/addons/XPIProvider.jsm:3109 < startup()@resource://gre/modules/addons/XPIProvider.jsm:2188 < callProvider()@resource://gre/modules/AddonManager.jsm:269 < _startProvider()@resource://gre/modules/AddonManager.jsm:739 < startup()@resource://gre/modules/AddonManager.jsm:906 < startup()@resource://gre/modules/AddonManager.jsm:3090 < observe()@jar:file:///opt/firefox/omni.ja!/components/addonManager.js:65
1509635107376	Marionette	INFO	Enabled via --marionette
1509635109504	Marionette	INFO	Listening on port 38507
1509635109622	Marionette	WARN	TLS certificate errors will be ignored for this session
1509635109672	Marionette	DEBUG	Register listener.js for window 2147483649
1509635109691	Marionette	DEBUG	Received DOM event "beforeunload" for "about:blank"
1509635110600	Marionette	DEBUG	Received DOM event "pagehide" for "about:blank"
1509635110600	Marionette	DEBUG	Received DOM event "unload" for "about:blank"
1509635110855	Marionette	DEBUG	Received DOM event "DOMContentLoaded" for "https://www.pexels.com/"
1509635117772	Marionette	DEBUG	Received DOM event "pageshow" for "https://www.pexels.com/"
*** UTM:SVC TimerManager:registerTimer called after profile-before-change notification. Ignoring timer registration for id: telemetry_modules_ping
IPDL protocol error: Handler returned error code!

###!!! [Parent][DispatchAsyncMessage] Error: PLayerTransaction::Msg_ReleaseLayer Processing error: message was deserialized, but the handler returned false (indicating failure)

IPDL protocol error: Handler returned error code!

###!!! [Parent][DispatchAsyncMessage] Error: PLayerTransaction::Msg_ReleaseLayer Processing error: message was deserialized, but the handler returned false (indicating failure)

IPDL protocol error: Handler returned error code!

###!!! [Parent][DispatchAsyncMessage] Error: PLayerTransaction::Msg_ReleaseLayer Processing error: message was deserialized, but the handler returned false (indicating failure)

IPDL protocol error: Handler returned error code!

###!!! [Parent][DispatchAsyncMessage] Error: PLayerTransaction::Msg_ReleaseLayer Processing error: message was deserialized, but the handler returned false (indicating failure)

IPDL protocol error: Handler returned error code!

###!!! [Parent][DispatchAsyncMessage] Error: PLayerTransaction::Msg_ReleaseLayer Processing error: message was deserialized, but the handler returned false (indicating failure)

IPDL protocol error: Handler returned error code!

###!!! [Parent][DispatchAsyncMessage] Error: PLayerTransaction::Msg_ReleaseLayer Processing error: message was deserialized, but the handler returned false (indicating failure)

IPDL protocol error: Handler returned error code!

###!!! [Parent][DispatchAsyncMessage] Error: PLayerTransaction::Msg_ReleaseLayer Processing error: message was deserialized, but the handler returned false (indicating failure)

1509637599272	geckodriver	INFO	geckodriver 0.19.1
1509637599276	geckodriver	INFO	Listening on 127.0.0.1:38296
1509637600440	mozrunner::runner	INFO	Running command: "/usr/bin/firefox" "-marionette" "-profile" "/tmp/rust_mozprofile.3RDmLA5fWbS1"
1509637600663	addons.xpi	WARN	Error parsing extensions state: [Exception... "Component returned failure code: 0x80520012 (NS_ERROR_FILE_NOT_FOUND) [amIAddonManagerStartup.readStartupData]"  nsresult: "0x80520012 (NS_ERROR_FILE_NOT_FOUND)"  location: "JS frame :: resource://gre/modules/addons/XPIProvider.jsm :: loadExtensionState :: line 1554"  data: no] Stack trace: loadExtensionState()@resource://gre/modules/addons/XPIProvider.jsm:1554 < getInstallState()@resource://gre/modules/addons/XPIProvider.jsm:1589 < checkForChanges()@resource://gre/modules/addons/XPIProvider.jsm:3109 < startup()@resource://gre/modules/addons/XPIProvider.jsm:2188 < callProvider()@resource://gre/modules/AddonManager.jsm:269 < _startProvider()@resource://gre/modules/AddonManager.jsm:739 < startup()@resource://gre/modules/AddonManager.jsm:906 < startup()@resource://gre/modules/AddonManager.jsm:3090 < observe()@jar:file:///opt/firefox/omni.ja!/components/addonManager.js:65
1509637601230	Marionette	INFO	Enabled via --marionette
1509637603448	Marionette	INFO	Listening on port 36764
1509637603490	Marionette	WARN	TLS certificate errors will be ignored for this session
1509637603546	Marionette	DEBUG	Register listener.js for window 2147483649
1509637603588	Marionette	DEBUG	Received DOM event "beforeunload" for "about:blank"
1509637604301	Marionette	DEBUG	Received DOM event "pagehide" for "about:blank"
1509637604302	Marionette	DEBUG	Received DOM event "unload" for "about:blank"
1509637604632	Marionette	DEBUG	Received DOM event "DOMContentLoaded" for "https://www.pexels.com/"
1509637610766	Marionette	DEBUG	Received DOM event "pageshow" for "https://www.pexels.com/"
1549117410104	geckodriver	INFO	geckodriver 0.20.1
1549117410138	geckodriver	INFO	Listening on 127.0.0.1:56581
1549117411045	mozrunner::runner	INFO	Running command: "/usr/bin/firefox" "-marionette" "-profile" "/tmp/rust_mozprofile.V9vzkDhdus8P"
1549117411737	Marionette	DEBUG	Received observer notification profile-after-change
1549117412021	Marionette	DEBUG	Received observer notification command-line-startup
1549117412022	Marionette	DEBUG	Received observer notification nsPref:changed
1549117412022	Marionette	DEBUG	Init aborted (running=false, enabled=true, finalUIStartup=false)
1549117412784	Marionette	DEBUG	Received observer notification toplevel-window-ready
1549117414440	Marionette	DEBUG	Received observer notification sessionstore-windows-restored
1549117414441	Marionette	DEBUG	Waiting for delayed startup...
1549117414640	Marionette	DEBUG	Setting recommended pref app.update.disabledForTesting to true
1549117414641	Marionette	DEBUG	Setting recommended pref security.turn_off_all_security_so_that_viruses_can_take_over_this_computer to true
1549117414645	Marionette	DEBUG	Setting recommended pref toolkit.cosmeticAnimations.enabled to false
1549117414646	Marionette	DEBUG	Setting recommended pref datareporting.policy.dataSubmissionPolicyAccepted to false
1549117414647	Marionette	DEBUG	Setting recommended pref dom.disable_beforeunload to true
1549117414713	Marionette	INFO	Listening on port 35711
1549117414713	Marionette	DEBUG	Remote service is active
1549117414764	Marionette	DEBUG	Accepted connection 0 from 127.0.0.1:38536
1549117414768	Marionette	TRACE	0 -> [0,1,"newSession",{"acceptInsecureCerts":true,"browserName":"firefox","capabilities":{"desiredCapabilities":{"acceptInsecureCerts":true,"browserName":"firefox"}}}]
1549117414768	Marionette	TRACE	0 <- [1,1,{"error":"unknown command","message":"newSession","stacktrace":"WebDriverError@chrome://marionette/content/error.js:178: ... et@chrome://marionette/content/server.js:245:8\n_onJSONObjectReady/<@chrome://marionette/content/transport.js:490:9\n"},null]
1549117430950	geckodriver	INFO	geckodriver 0.20.1
1549117430956	geckodriver	INFO	Listening on 127.0.0.1:36589
1549117431960	mozrunner::runner	INFO	Running command: "/usr/bin/firefox" "-marionette" "-profile" "/tmp/rust_mozprofile.sGG2cu33HiuI"
1549117432640	Marionette	DEBUG	Received observer notification profile-after-change
1549117432925	Marionette	DEBUG	Received observer notification command-line-startup
1549117432925	Marionette	DEBUG	Received observer notification nsPref:changed
1549117432925	Marionette	DEBUG	Init aborted (running=false, enabled=true, finalUIStartup=false)
1549117433660	Marionette	DEBUG	Received observer notification toplevel-window-ready
1549117435292	Marionette	DEBUG	Received observer notification sessionstore-windows-restored
1549117435292	Marionette	DEBUG	Waiting for delayed startup...
1549117435473	Marionette	DEBUG	Setting recommended pref app.update.disabledForTesting to true
1549117435473	Marionette	DEBUG	Setting recommended pref security.turn_off_all_security_so_that_viruses_can_take_over_this_computer to true
1549117435475	Marionette	DEBUG	Setting recommended pref toolkit.cosmeticAnimations.enabled to false
1549117435475	Marionette	DEBUG	Setting recommended pref datareporting.policy.dataSubmissionPolicyAccepted to false
1549117435476	Marionette	DEBUG	Setting recommended pref dom.disable_beforeunload to true
1549117435540	Marionette	INFO	Listening on port 42851
1549117435540	Marionette	DEBUG	Remote service is active
1549117435576	Marionette	DEBUG	Accepted connection 0 from 127.0.0.1:53688
1549117435593	Marionette	TRACE	0 -> [0,1,"newSession",{"acceptInsecureCerts":true,"browserName":"firefox","capabilities":{"desiredCapabilities":{"acceptInsecureCerts":true,"browserName":"firefox"}}}]
1549117435594	Marionette	TRACE	0 <- [1,1,{"error":"unknown command","message":"newSession","stacktrace":"WebDriverError@chrome://marionette/content/error.js:178: ... et@chrome://marionette/content/server.js:245:8\n_onJSONObjectReady/<@chrome://marionette/content/transport.js:490:9\n"},null]
1549122223233	geckodriver	INFO	geckodriver 0.20.1
1549122223239	geckodriver	INFO	Listening on 127.0.0.1:40195
1549122224250	mozrunner::runner	INFO	Running command: "/usr/bin/firefox" "-marionette" "-profile" "/tmp/rust_mozprofile.YvRQWGR8goez"
1549122224939	Marionette	DEBUG	Received observer notification profile-after-change
1549122225222	Marionette	DEBUG	Received observer notification command-line-startup
1549122225222	Marionette	DEBUG	Received observer notification nsPref:changed
1549122225222	Marionette	DEBUG	Init aborted (running=false, enabled=true, finalUIStartup=false)
1549122225913	Marionette	DEBUG	Received observer notification toplevel-window-ready
1549122227549	Marionette	DEBUG	Received observer notification sessionstore-windows-restored
1549122227549	Marionette	DEBUG	Waiting for delayed startup...
1549122227683	Marionette	DEBUG	Setting recommended pref app.update.disabledForTesting to true
1549122227683	Marionette	DEBUG	Setting recommended pref security.turn_off_all_security_so_that_viruses_can_take_over_this_computer to true
1549122227685	Marionette	DEBUG	Setting recommended pref toolkit.cosmeticAnimations.enabled to false
1549122227686	Marionette	DEBUG	Setting recommended pref datareporting.policy.dataSubmissionPolicyAccepted to false
1549122227686	Marionette	DEBUG	Setting recommended pref dom.disable_beforeunload to true
1549122227746	Marionette	INFO	Listening on port 45525
1549122227747	Marionette	DEBUG	Remote service is active
1549122227764	Marionette	DEBUG	Accepted connection 0 from 127.0.0.1:57262
1549122227769	Marionette	TRACE	0 -> [0,1,"newSession",{"acceptInsecureCerts":true,"browserName":"firefox","capabilities":{"desiredCapabilities":{"acceptInsecureCerts":true,"browserName":"firefox"}}}]
1549122227770	Marionette	TRACE	0 <- [1,1,{"error":"unknown command","message":"newSession","stacktrace":"WebDriverError@chrome://marionette/content/error.js:178: ... et@chrome://marionette/content/server.js:245:8\n_onJSONObjectReady/<@chrome://marionette/content/transport.js:490:9\n"},null]
console.error: BroadcastService: 
  receivedBroadcastMessage: handler for
  remote-settings/monitor_changes
  threw error:
  Message: Error: Polling for changes failed: NetworkError when attempting to fetch resource..
  Stack:
    remoteSettingsFunction/remoteSettings.pollChanges@resource://services-settings/remote-settings.js:721:13

1549122491469	mozrunner::runner	INFO	Running command: "/usr/bin/firefox" "-marionette" "-foreground" "-no-remote" "-profile" "/tmp/rust_mozprofile.Xy9m9GfmI5uQ"
1549122495569	Marionette	INFO	Listening on port 43105
1549122495590	Marionette	WARN	TLS certificate errors will be ignored for this session
console.error: BroadcastService: 
  receivedBroadcastMessage: handler for
  remote-settings/monitor_changes
  threw error:
  Message: Error: Polling for changes failed: NetworkError when attempting to fetch resource..
  Stack:
    remoteSettingsFunction/remoteSettings.pollChanges@resource://services-settings/remote-settings.js:721:13

IPDL protocol error: Handler returned error code!

###!!! [Parent][DispatchAsyncMessage] Error: PLayerTransaction::Msg_ReleaseLayer Processing error: message was deserialized, but the handler returned false (indicating failure)

[Parent 10823, Gecko_IOThread] WARNING: pipe error (77): Connection reset by peer: file /build/firefox-JcIUVH/firefox-63.0.3+build1/ipc/chromium/src/chrome/common/ipc_channel_posix.cc, line 356
[Parent 10823, Gecko_IOThread] WARNING: pipe error (85): Connection reset by peer: file /build/firefox-JcIUVH/firefox-63.0.3+build1/ipc/chromium/src/chrome/common/ipc_channel_posix.cc, line 356
1549122525318	Marionette	INFO	Stopped listening on port 43105
1549122743640	mozrunner::runner	INFO	Running command: "/usr/bin/firefox" "-marionette" "-foreground" "-no-remote" "-profile" "/tmp/rust_mozprofile.b5KuX3CLLYm9"
1549122747031	Marionette	INFO	Listening on port 37351
1549122747054	Marionette	WARN	TLS certificate errors will be ignored for this session
Marionette threw an error: TypeError: this.curBrowser.contentBrowser is null
GeckoDriver.prototype.get@chrome://marionette/content/driver.js:1082:3

1549122757127	Marionette	ERROR	[6442450945] No reply from Marionette:Register
JavaScript error: chrome://marionette/content/listener.js, line 456: TypeError: reply[0] is undefined
1549122757163	Marionette	ERROR	[6442450947] No reply from Marionette:Register
JavaScript error: chrome://marionette/content/listener.js, line 456: TypeError: reply[0] is undefined
console.error: BroadcastService: 
  receivedBroadcastMessage: handler for
  remote-settings/monitor_changes
  threw error:
  Message: Error: Polling for changes failed: NetworkError when attempting to fetch resource..
  Stack:
    remoteSettingsFunction/remoteSettings.pollChanges@resource://services-settings/remote-settings.js:721:13

[Parent 11152, Gecko_IOThread] WARNING: pipe error (107): Connection reset by peer: file /build/firefox-JcIUVH/firefox-63.0.3+build1/ipc/chromium/src/chrome/common/ipc_channel_posix.cc, line 356
1549122802498	Marionette	INFO	Stopped listening on port 37351
